2026-04-29 15:04:22,465 - archery.settings - INFO - 当前生效的外部认证方式：CAS
2026-04-29 15:04:22,466 - archery.settings - INFO - 认证后端：('django.contrib.auth.backends.ModelBackend', 'django_cas_ng.backends.CASBackend')
2026-04-29 15:04:22,471 - archery.settings - INFO - 当前生效的外部认证方式：CAS
2026-04-29 15:04:22,471 - archery.settings - INFO - 认证后端：('django.contrib.auth.backends.ModelBackend', 'django_cas_ng.backends.CASBackend')
Unknown command: 'qcluster'
Type 'manage.py help' for usage.
2026-04-29 15:04:22,953 - archery.settings - INFO - 当前生效的外部认证方式：CAS
2026-04-29 15:04:22,954 - archery.settings - INFO - 认证后端：('django.contrib.auth.backends.ModelBackend', 'django_cas_ng.backends.CASBackend')
2026-04-29 15:04:23,188 - django.utils.autoreload - INFO - Watching for file changes with StatReloader
Exception in thread django-main-thread:
Traceback (most recent call last):
  File "/usr/lib/python3.12/threading.py", line 1075, in _bootstrap_inner
    self.run()
  File "/usr/lib/python3.12/threading.py", line 1012, in run
    self._target(*self._args, **self._kwargs)
  File "/home/qizhicheng/codes/archery/.venv/lib/python3.12/site-packages/django/utils/autoreload.py", line 64, in wrapper
    fn(*args, **kwargs)
  File "/home/qizhicheng/codes/archery/.venv/lib/python3.12/site-packages/django/core/management/commands/runserver.py", line 133, in inner_run
    self.check(display_num_errors=True)
  File "/home/qizhicheng/codes/archery/.venv/lib/python3.12/site-packages/django/core/management/base.py", line 485, in check
    all_issues = checks.run_checks(
                 ^^^^^^^^^^^^^^^^^^
  File "/home/qizhicheng/codes/archery/.venv/lib/python3.12/site-packages/django/core/checks/registry.py", line 88, in run_checks
    new_errors = check(app_configs=app_configs, databases=databases)
                 ^^^^^^^^^^^^^^^^^^^^^^^^^^^^^^^^^^^^^^^^^^^^^^^^^^^
  File "/home/qizhicheng/codes/archery/.venv/lib/python3.12/site-packages/django/core/checks/urls.py", line 14, in check_url_config
    return check_resolver(resolver)
           ^^^^^^^^^^^^^^^^^^^^^^^^
  File "/home/qizhicheng/codes/archery/.venv/lib/python3.12/site-packages/django/core/checks/urls.py", line 24, in check_resolver
    return check_method()
           ^^^^^^^^^^^^^^
  File "/home/qizhicheng/codes/archery/.venv/lib/python3.12/site-packages/django/urls/resolvers.py", line 494, in check
    for pattern in self.url_patterns:
                   ^^^^^^^^^^^^^^^^^
  File "/home/qizhicheng/codes/archery/.venv/lib/python3.12/site-packages/django/utils/functional.py", line 57, in __get__
    res = instance.__dict__[self.name] = self.func(instance)
                                         ^^^^^^^^^^^^^^^^^^^
  File "/home/qizhicheng/codes/archery/.venv/lib/python3.12/site-packages/django/urls/resolvers.py", line 715, in url_patterns
    patterns = getattr(self.urlconf_module, "urlpatterns", self.urlconf_module)
                       ^^^^^^^^^^^^^^^^^^^
  File "/home/qizhicheng/codes/archery/.venv/lib/python3.12/site-packages/django/utils/functional.py", line 57, in __get__
    res = instance.__dict__[self.name] = self.func(instance)
                                         ^^^^^^^^^^^^^^^^^^^
  File "/home/qizhicheng/codes/archery/.venv/lib/python3.12/site-packages/django/urls/resolvers.py", line 708, in urlconf_module
    return import_module(self.urlconf_name)
           ^^^^^^^^^^^^^^^^^^^^^^^^^^^^^^^^
  File "/usr/lib/python3.12/importlib/__init__.py", line 90, in import_module
    return _bootstrap._gcd_import(name[level:], package, level)
           ^^^^^^^^^^^^^^^^^^^^^^^^^^^^^^^^^^^^^^^^^^^^^^^^^^^^
  File "<frozen importlib._bootstrap>", line 1387, in _gcd_import
  File "<frozen importlib._bootstrap>", line 1360, in _find_and_load
  File "<frozen importlib._bootstrap>", line 1331, in _find_and_load_unlocked
  File "<frozen importlib._bootstrap>", line 935, in _load_unlocked
  File "<frozen importlib._bootstrap_external>", line 999, in exec_module
  File "<frozen importlib._bootstrap>", line 488, in _call_with_frames_removed
  File "/home/qizhicheng/codes/archery/archery/urls.py", line 8, in <module>
    path("api/", include(("sql_api.urls", "sql_api"), namespace="sql_api")),
                 ^^^^^^^^^^^^^^^^^^^^^^^^^^^^^^^^^^^^^^^^^^^^^^^^^^^^^^^^^
  File "/home/qizhicheng/codes/archery/.venv/lib/python3.12/site-packages/django/urls/conf.py", line 38, in include
    urlconf_module = import_module(urlconf_module)
                     ^^^^^^^^^^^^^^^^^^^^^^^^^^^^^
  File "/usr/lib/python3.12/importlib/__init__.py", line 90, in import_module
    return _bootstrap._gcd_import(name[level:], package, level)
           ^^^^^^^^^^^^^^^^^^^^^^^^^^^^^^^^^^^^^^^^^^^^^^^^^^^^
  File "<frozen importlib._bootstrap>", line 1387, in _gcd_import
  File "<frozen importlib._bootstrap>", line 1360, in _find_and_load
  File "<frozen importlib._bootstrap>", line 1331, in _find_and_load_unlocked
  File "<frozen importlib._bootstrap>", line 935, in _load_unlocked
  File "<frozen importlib._bootstrap_external>", line 999, in exec_module
  File "<frozen importlib._bootstrap>", line 488, in _call_with_frames_removed
  File "/home/qizhicheng/codes/archery/sql_api/urls.py", line 2, in <module>
    from sql_api import views
  File "/home/qizhicheng/codes/archery/sql_api/views.py", line 3, in <module>
    import pkg_resources
ModuleNotFoundError: No module named 'pkg_resources'
2026-04-29 15:06:14,044 - django.utils.autoreload - INFO - /home/qizhicheng/codes/archery/sql_api/views.py changed, reloading.
Performing system checks...

2026-04-29 15:06:14,434 - archery.settings - INFO - 当前生效的外部认证方式：CAS
2026-04-29 15:06:14,434 - archery.settings - INFO - 认证后端：('django.contrib.auth.backends.ModelBackend', 'django_cas_ng.backends.CASBackend')
2026-04-29 15:06:14,659 - django.utils.autoreload - INFO - Watching for file changes with StatReloader
Exception in thread django-main-thread:
Traceback (most recent call last):
  File "/usr/lib/python3.12/threading.py", line 1075, in _bootstrap_inner
    self.run()
  File "/usr/lib/python3.12/threading.py", line 1012, in run
    self._target(*self._args, **self._kwargs)
  File "/home/qizhicheng/codes/archery/.venv/lib/python3.12/site-packages/django/utils/autoreload.py", line 64, in wrapper
    fn(*args, **kwargs)
  File "/home/qizhicheng/codes/archery/.venv/lib/python3.12/site-packages/django/core/management/commands/runserver.py", line 133, in inner_run
    self.check(display_num_errors=True)
  File "/home/qizhicheng/codes/archery/.venv/lib/python3.12/site-packages/django/core/management/base.py", line 485, in check
    all_issues = checks.run_checks(
                 ^^^^^^^^^^^^^^^^^^
  File "/home/qizhicheng/codes/archery/.venv/lib/python3.12/site-packages/django/core/checks/registry.py", line 88, in run_checks
    new_errors = check(app_configs=app_configs, databases=databases)
                 ^^^^^^^^^^^^^^^^^^^^^^^^^^^^^^^^^^^^^^^^^^^^^^^^^^^
  File "/home/qizhicheng/codes/archery/.venv/lib/python3.12/site-packages/django/core/checks/urls.py", line 14, in check_url_config
    return check_resolver(resolver)
           ^^^^^^^^^^^^^^^^^^^^^^^^
  File "/home/qizhicheng/codes/archery/.venv/lib/python3.12/site-packages/django/core/checks/urls.py", line 24, in check_resolver
    return check_method()
           ^^^^^^^^^^^^^^
  File "/home/qizhicheng/codes/archery/.venv/lib/python3.12/site-packages/django/urls/resolvers.py", line 494, in check
    for pattern in self.url_patterns:
                   ^^^^^^^^^^^^^^^^^
  File "/home/qizhicheng/codes/archery/.venv/lib/python3.12/site-packages/django/utils/functional.py", line 57, in __get__
    res = instance.__dict__[self.name] = self.func(instance)
                                         ^^^^^^^^^^^^^^^^^^^
  File "/home/qizhicheng/codes/archery/.venv/lib/python3.12/site-packages/django/urls/resolvers.py", line 715, in url_patterns
    patterns = getattr(self.urlconf_module, "urlpatterns", self.urlconf_module)
                       ^^^^^^^^^^^^^^^^^^^
  File "/home/qizhicheng/codes/archery/.venv/lib/python3.12/site-packages/django/utils/functional.py", line 57, in __get__
    res = instance.__dict__[self.name] = self.func(instance)
                                         ^^^^^^^^^^^^^^^^^^^
  File "/home/qizhicheng/codes/archery/.venv/lib/python3.12/site-packages/django/urls/resolvers.py", line 708, in urlconf_module
    return import_module(self.urlconf_name)
           ^^^^^^^^^^^^^^^^^^^^^^^^^^^^^^^^
  File "/usr/lib/python3.12/importlib/__init__.py", line 90, in import_module
    return _bootstrap._gcd_import(name[level:], package, level)
           ^^^^^^^^^^^^^^^^^^^^^^^^^^^^^^^^^^^^^^^^^^^^^^^^^^^^
  File "<frozen importlib._bootstrap>", line 1387, in _gcd_import
  File "<frozen importlib._bootstrap>", line 1360, in _find_and_load
  File "<frozen importlib._bootstrap>", line 1331, in _find_and_load_unlocked
  File "<frozen importlib._bootstrap>", line 935, in _load_unlocked
  File "<frozen importlib._bootstrap_external>", line 999, in exec_module
  File "<frozen importlib._bootstrap>", line 488, in _call_with_frames_removed
  File "/home/qizhicheng/codes/archery/archery/urls.py", line 8, in <module>
    path("api/", include(("sql_api.urls", "sql_api"), namespace="sql_api")),
                 ^^^^^^^^^^^^^^^^^^^^^^^^^^^^^^^^^^^^^^^^^^^^^^^^^^^^^^^^^
  File "/home/qizhicheng/codes/archery/.venv/lib/python3.12/site-packages/django/urls/conf.py", line 38, in include
    urlconf_module = import_module(urlconf_module)
                     ^^^^^^^^^^^^^^^^^^^^^^^^^^^^^
  File "/usr/lib/python3.12/importlib/__init__.py", line 90, in import_module
    return _bootstrap._gcd_import(name[level:], package, level)
           ^^^^^^^^^^^^^^^^^^^^^^^^^^^^^^^^^^^^^^^^^^^^^^^^^^^^
  File "<frozen importlib._bootstrap>", line 1387, in _gcd_import
  File "<frozen importlib._bootstrap>", line 1360, in _find_and_load
  File "<frozen importlib._bootstrap>", line 1331, in _find_and_load_unlocked
  File "<frozen importlib._bootstrap>", line 935, in _load_unlocked
  File "<frozen importlib._bootstrap_external>", line 999, in exec_module
  File "<frozen importlib._bootstrap>", line 488, in _call_with_frames_removed
  File "/home/qizhicheng/codes/archery/sql_api/urls.py", line 2, in <module>
    from sql_api import views
  File "/home/qizhicheng/codes/archery/sql_api/views.py", line 12, in <module>
    from django_q.status import Stat
ModuleNotFoundError: No module named 'django_q.status'
2026-04-29 15:06:46,360 - django.utils.autoreload - INFO - /home/qizhicheng/codes/archery/sql_api/views.py changed, reloading.
Performing system checks...

2026-04-29 15:06:46,952 - archery.settings - INFO - 当前生效的外部认证方式：CAS
2026-04-29 15:06:46,952 - archery.settings - INFO - 认证后端：('django.contrib.auth.backends.ModelBackend', 'django_cas_ng.backends.CASBackend')
2026-04-29 15:06:47,253 - django.utils.autoreload - INFO - Watching for file changes with StatReloader
Exception in thread django-main-thread:
Traceback (most recent call last):
  File "/usr/lib/python3.12/threading.py", line 1075, in _bootstrap_inner
    self.run()
  File "/usr/lib/python3.12/threading.py", line 1012, in run
    self._target(*self._args, **self._kwargs)
  File "/home/qizhicheng/codes/archery/.venv/lib/python3.12/site-packages/django/utils/autoreload.py", line 64, in wrapper
    fn(*args, **kwargs)
  File "/home/qizhicheng/codes/archery/.venv/lib/python3.12/site-packages/django/core/management/commands/runserver.py", line 133, in inner_run
    self.check(display_num_errors=True)
  File "/home/qizhicheng/codes/archery/.venv/lib/python3.12/site-packages/django/core/management/base.py", line 485, in check
    all_issues = checks.run_checks(
                 ^^^^^^^^^^^^^^^^^^
  File "/home/qizhicheng/codes/archery/.venv/lib/python3.12/site-packages/django/core/checks/registry.py", line 88, in run_checks
    new_errors = check(app_configs=app_configs, databases=databases)
                 ^^^^^^^^^^^^^^^^^^^^^^^^^^^^^^^^^^^^^^^^^^^^^^^^^^^
  File "/home/qizhicheng/codes/archery/.venv/lib/python3.12/site-packages/django/core/checks/urls.py", line 14, in check_url_config
    return check_resolver(resolver)
           ^^^^^^^^^^^^^^^^^^^^^^^^
  File "/home/qizhicheng/codes/archery/.venv/lib/python3.12/site-packages/django/core/checks/urls.py", line 24, in check_resolver
    return check_method()
           ^^^^^^^^^^^^^^
  File "/home/qizhicheng/codes/archery/.venv/lib/python3.12/site-packages/django/urls/resolvers.py", line 494, in check
    for pattern in self.url_patterns:
                   ^^^^^^^^^^^^^^^^^
  File "/home/qizhicheng/codes/archery/.venv/lib/python3.12/site-packages/django/utils/functional.py", line 57, in __get__
    res = instance.__dict__[self.name] = self.func(instance)
                                         ^^^^^^^^^^^^^^^^^^^
  File "/home/qizhicheng/codes/archery/.venv/lib/python3.12/site-packages/django/urls/resolvers.py", line 715, in url_patterns
    patterns = getattr(self.urlconf_module, "urlpatterns", self.urlconf_module)
                       ^^^^^^^^^^^^^^^^^^^
  File "/home/qizhicheng/codes/archery/.venv/lib/python3.12/site-packages/django/utils/functional.py", line 57, in __get__
    res = instance.__dict__[self.name] = self.func(instance)
                                         ^^^^^^^^^^^^^^^^^^^
  File "/home/qizhicheng/codes/archery/.venv/lib/python3.12/site-packages/django/urls/resolvers.py", line 708, in urlconf_module
    return import_module(self.urlconf_name)
           ^^^^^^^^^^^^^^^^^^^^^^^^^^^^^^^^
  File "/usr/lib/python3.12/importlib/__init__.py", line 90, in import_module
    return _bootstrap._gcd_import(name[level:], package, level)
           ^^^^^^^^^^^^^^^^^^^^^^^^^^^^^^^^^^^^^^^^^^^^^^^^^^^^
  File "<frozen importlib._bootstrap>", line 1387, in _gcd_import
  File "<frozen importlib._bootstrap>", line 1360, in _find_and_load
  File "<frozen importlib._bootstrap>", line 1331, in _find_and_load_unlocked
  File "<frozen importlib._bootstrap>", line 935, in _load_unlocked
  File "<frozen importlib._bootstrap_external>", line 999, in exec_module
  File "<frozen importlib._bootstrap>", line 488, in _call_with_frames_removed
  File "/home/qizhicheng/codes/archery/archery/urls.py", line 8, in <module>
    path("api/", include(("sql_api.urls", "sql_api"), namespace="sql_api")),
                 ^^^^^^^^^^^^^^^^^^^^^^^^^^^^^^^^^^^^^^^^^^^^^^^^^^^^^^^^^
  File "/home/qizhicheng/codes/archery/.venv/lib/python3.12/site-packages/django/urls/conf.py", line 38, in include
    urlconf_module = import_module(urlconf_module)
                     ^^^^^^^^^^^^^^^^^^^^^^^^^^^^^
  File "/usr/lib/python3.12/importlib/__init__.py", line 90, in import_module
    return _bootstrap._gcd_import(name[level:], package, level)
           ^^^^^^^^^^^^^^^^^^^^^^^^^^^^^^^^^^^^^^^^^^^^^^^^^^^^
  File "<frozen importlib._bootstrap>", line 1387, in _gcd_import
  File "<frozen importlib._bootstrap>", line 1360, in _find_and_load
  File "<frozen importlib._bootstrap>", line 1331, in _find_and_load_unlocked
  File "<frozen importlib._bootstrap>", line 935, in _load_unlocked
  File "<frozen importlib._bootstrap_external>", line 999, in exec_module
  File "<frozen importlib._bootstrap>", line 488, in _call_with_frames_removed
  File "/home/qizhicheng/codes/archery/sql_api/urls.py", line 2, in <module>
    from sql_api import views
  File "/home/qizhicheng/codes/archery/sql_api/views.py", line 12, in <module>
    from django_q.status import Stat
ModuleNotFoundError: No module named 'django_q.status'
2026-04-29 15:07:38,665 - archery.settings - INFO - 当前生效的外部认证方式：CAS
2026-04-29 15:07:38,665 - archery.settings - INFO - 认证后端：('django.contrib.auth.backends.ModelBackend', 'django_cas_ng.backends.CASBackend')
2026-04-29 15:07:38,666 - archery.settings - INFO - 当前生效的外部认证方式：CAS
2026-04-29 15:07:38,666 - archery.settings - INFO - 认证后端：('django.contrib.auth.backends.ModelBackend', 'django_cas_ng.backends.CASBackend')
Unknown command: 'qcluster'
Type 'manage.py help' for usage.
2026-04-29 15:07:39,194 - archery.settings - INFO - 当前生效的外部认证方式：CAS
2026-04-29 15:07:39,195 - archery.settings - INFO - 认证后端：('django.contrib.auth.backends.ModelBackend', 'django_cas_ng.backends.CASBackend')
2026-04-29 15:07:39,428 - django.utils.autoreload - INFO - Watching for file changes with StatReloader
Exception in thread django-main-thread:
Traceback (most recent call last):
  File "/usr/lib/python3.12/threading.py", line 1075, in _bootstrap_inner
    self.run()
  File "/usr/lib/python3.12/threading.py", line 1012, in run
    self._target(*self._args, **self._kwargs)
  File "/home/qizhicheng/codes/archery/.venv/lib/python3.12/site-packages/django/utils/autoreload.py", line 64, in wrapper
    fn(*args, **kwargs)
  File "/home/qizhicheng/codes/archery/.venv/lib/python3.12/site-packages/django/core/management/commands/runserver.py", line 133, in inner_run
    self.check(display_num_errors=True)
  File "/home/qizhicheng/codes/archery/.venv/lib/python3.12/site-packages/django/core/management/base.py", line 485, in check
    all_issues = checks.run_checks(
                 ^^^^^^^^^^^^^^^^^^
  File "/home/qizhicheng/codes/archery/.venv/lib/python3.12/site-packages/django/core/checks/registry.py", line 88, in run_checks
    new_errors = check(app_configs=app_configs, databases=databases)
                 ^^^^^^^^^^^^^^^^^^^^^^^^^^^^^^^^^^^^^^^^^^^^^^^^^^^
  File "/home/qizhicheng/codes/archery/.venv/lib/python3.12/site-packages/django/core/checks/urls.py", line 14, in check_url_config
    return check_resolver(resolver)
           ^^^^^^^^^^^^^^^^^^^^^^^^
  File "/home/qizhicheng/codes/archery/.venv/lib/python3.12/site-packages/django/core/checks/urls.py", line 24, in check_resolver
    return check_method()
           ^^^^^^^^^^^^^^
  File "/home/qizhicheng/codes/archery/.venv/lib/python3.12/site-packages/django/urls/resolvers.py", line 494, in check
    for pattern in self.url_patterns:
                   ^^^^^^^^^^^^^^^^^
  File "/home/qizhicheng/codes/archery/.venv/lib/python3.12/site-packages/django/utils/functional.py", line 57, in __get__
    res = instance.__dict__[self.name] = self.func(instance)
                                         ^^^^^^^^^^^^^^^^^^^
  File "/home/qizhicheng/codes/archery/.venv/lib/python3.12/site-packages/django/urls/resolvers.py", line 715, in url_patterns
    patterns = getattr(self.urlconf_module, "urlpatterns", self.urlconf_module)
                       ^^^^^^^^^^^^^^^^^^^
  File "/home/qizhicheng/codes/archery/.venv/lib/python3.12/site-packages/django/utils/functional.py", line 57, in __get__
    res = instance.__dict__[self.name] = self.func(instance)
                                         ^^^^^^^^^^^^^^^^^^^
  File "/home/qizhicheng/codes/archery/.venv/lib/python3.12/site-packages/django/urls/resolvers.py", line 708, in urlconf_module
    return import_module(self.urlconf_name)
           ^^^^^^^^^^^^^^^^^^^^^^^^^^^^^^^^
  File "/usr/lib/python3.12/importlib/__init__.py", line 90, in import_module
    return _bootstrap._gcd_import(name[level:], package, level)
           ^^^^^^^^^^^^^^^^^^^^^^^^^^^^^^^^^^^^^^^^^^^^^^^^^^^^
  File "<frozen importlib._bootstrap>", line 1387, in _gcd_import
  File "<frozen importlib._bootstrap>", line 1360, in _find_and_load
  File "<frozen importlib._bootstrap>", line 1331, in _find_and_load_unlocked
  File "<frozen importlib._bootstrap>", line 935, in _load_unlocked
  File "<frozen importlib._bootstrap_external>", line 999, in exec_module
  File "<frozen importlib._bootstrap>", line 488, in _call_with_frames_removed
  File "/home/qizhicheng/codes/archery/archery/urls.py", line 8, in <module>
    path("api/", include(("sql_api.urls", "sql_api"), namespace="sql_api")),
                 ^^^^^^^^^^^^^^^^^^^^^^^^^^^^^^^^^^^^^^^^^^^^^^^^^^^^^^^^^
  File "/home/qizhicheng/codes/archery/.venv/lib/python3.12/site-packages/django/urls/conf.py", line 38, in include
    urlconf_module = import_module(urlconf_module)
                     ^^^^^^^^^^^^^^^^^^^^^^^^^^^^^
  File "/usr/lib/python3.12/importlib/__init__.py", line 90, in import_module
    return _bootstrap._gcd_import(name[level:], package, level)
           ^^^^^^^^^^^^^^^^^^^^^^^^^^^^^^^^^^^^^^^^^^^^^^^^^^^^
  File "<frozen importlib._bootstrap>", line 1387, in _gcd_import
  File "<frozen importlib._bootstrap>", line 1360, in _find_and_load
  File "<frozen importlib._bootstrap>", line 1331, in _find_and_load_unlocked
  File "<frozen importlib._bootstrap>", line 935, in _load_unlocked
  File "<frozen importlib._bootstrap_external>", line 999, in exec_module
  File "<frozen importlib._bootstrap>", line 488, in _call_with_frames_removed
  File "/home/qizhicheng/codes/archery/sql_api/urls.py", line 2, in <module>
    from sql_api import views
  File "/home/qizhicheng/codes/archery/sql_api/views.py", line 12, in <module>
    from django_q.status import Stat
ModuleNotFoundError: No module named 'django_q.status'
2026-04-29 15:17:44,273 - django.utils.autoreload - INFO - /home/qizhicheng/codes/archery/.venv/lib/python3.12/site-packages/sqlparse/filters/tokens.py changed, reloading.
Performing system checks...

Traceback (most recent call last):
  File "/home/qizhicheng/codes/archery/manage.py", line 8, in <module>
    from django.core.management import execute_from_command_line
  File "/home/qizhicheng/codes/archery/.venv/lib/python3.12/site-packages/django/__init__.py", line 1, in <module>
    from django.utils.version import get_version
ModuleNotFoundError: No module named 'django.utils'
2026-04-29 15:17:44,516 - django.utils.autoreload - INFO - /home/qizhicheng/codes/archery/.venv/lib/python3.12/site-packages/django/conf/__init__.py changed, reloading.
Performing system checks...

Traceback (most recent call last):
  File "/home/qizhicheng/codes/archery/manage.py", line 8, in <module>
    from django.core.management import execute_from_command_line
  File "/home/qizhicheng/codes/archery/.venv/lib/python3.12/site-packages/django/__init__.py", line 1, in <module>
    from django.utils.version import get_version
ModuleNotFoundError: No module named 'django.utils'
2026-04-29 15:19:00,498 - archery.settings - INFO - 当前生效的外部认证方式：CAS
2026-04-29 15:19:00,498 - archery.settings - INFO - 认证后端：('django.contrib.auth.backends.ModelBackend', 'django_cas_ng.backends.CASBackend')
2026-04-29 15:19:00,502 - archery.settings - INFO - 当前生效的外部认证方式：CAS
2026-04-29 15:19:00,502 - archery.settings - INFO - 认证后端：('django.contrib.auth.backends.ModelBackend', 'django_cas_ng.backends.CASBackend')
Traceback (most recent call last):
  File "/home/qizhicheng/codes/archery/manage.py", line 10, in <module>
    execute_from_command_line(sys.argv)
  File "/home/qizhicheng/codes/archery/.venv/lib/python3.12/site-packages/django/core/management/__init__.py", line 443, in execute_from_command_line
    utility.execute()
  File "/home/qizhicheng/codes/archery/.venv/lib/python3.12/site-packages/django/core/management/__init__.py", line 417, in execute
    django.setup()
  File "/home/qizhicheng/codes/archery/.venv/lib/python3.12/site-packages/django/__init__.py", line 24, in setup
    apps.populate(settings.INSTALLED_APPS)
  File "/home/qizhicheng/codes/archery/.venv/lib/python3.12/site-packages/django/apps/registry.py", line 116, in populate
    app_config.import_models()
  File "/home/qizhicheng/codes/archery/.venv/lib/python3.12/site-packages/django/apps/config.py", line 269, in import_models
    self.models_module = import_module(models_module_name)
                         ^^^^^^^^^^^^^^^^^^^^^^^^^^^^^^^^^
  File "/usr/lib/python3.12/importlib/__init__.py", line 90, in import_module
    return _bootstrap._gcd_import(name[level:], package, level)
           ^^^^^^^^^^^^^^^^^^^^^^^^^^^^^^^^^^^^^^^^^^^^^^^^^^^^
  File "<frozen importlib._bootstrap>", line 1387, in _gcd_import
  File "<frozen importlib._bootstrap>", line 1360, in _find_and_load
  File "<frozen importlib._bootstrap>", line 1331, in _find_and_load_unlocked
  File "<frozen importlib._bootstrap>", line 935, in _load_unlocked
  File "<frozen importlib._bootstrap_external>", line 999, in exec_module
  File "<frozen importlib._bootstrap>", line 488, in _call_with_frames_removed
  File "/home/qizhicheng/codes/archery/sql/models.py", line 576, in <module>
    class QueryPrivileges(models.Model):
  File "/home/qizhicheng/codes/archery/.venv/lib/python3.12/site-packages/django/db/models/base.py", line 145, in __new__
    new_class.add_to_class("_meta", Options(meta, app_label))
  File "/home/qizhicheng/codes/archery/.venv/lib/python3.12/site-packages/django/db/models/base.py", line 393, in add_to_class
    value.contribute_to_class(cls, name)
  File "/home/qizhicheng/codes/archery/.venv/lib/python3.12/site-packages/django/db/models/options.py", line 227, in contribute_to_class
    raise TypeError(
TypeError: 'class Meta' got invalid attribute(s): index_together
2026-04-29 15:19:01,058 - archery.settings - INFO - 当前生效的外部认证方式：CAS
2026-04-29 15:19:01,058 - archery.settings - INFO - 认证后端：('django.contrib.auth.backends.ModelBackend', 'django_cas_ng.backends.CASBackend')
2026-04-29 15:19:01,314 - django.utils.autoreload - INFO - Watching for file changes with StatReloader
Exception in thread django-main-thread:
Traceback (most recent call last):
  File "/usr/lib/python3.12/threading.py", line 1075, in _bootstrap_inner
    self.run()
  File "/usr/lib/python3.12/threading.py", line 1012, in run
    self._target(*self._args, **self._kwargs)
  File "/home/qizhicheng/codes/archery/.venv/lib/python3.12/site-packages/django/utils/autoreload.py", line 64, in wrapper
    fn(*args, **kwargs)
  File "/home/qizhicheng/codes/archery/.venv/lib/python3.12/site-packages/django/core/management/commands/runserver.py", line 124, in inner_run
    autoreload.raise_last_exception()
  File "/home/qizhicheng/codes/archery/.venv/lib/python3.12/site-packages/django/utils/autoreload.py", line 86, in raise_last_exception
    raise _exception[1]
  File "/home/qizhicheng/codes/archery/.venv/lib/python3.12/site-packages/django/core/management/__init__.py", line 395, in execute
    autoreload.check_errors(django.setup)()
  File "/home/qizhicheng/codes/archery/.venv/lib/python3.12/site-packages/django/utils/autoreload.py", line 64, in wrapper
    fn(*args, **kwargs)
  File "/home/qizhicheng/codes/archery/.venv/lib/python3.12/site-packages/django/__init__.py", line 24, in setup
    apps.populate(settings.INSTALLED_APPS)
  File "/home/qizhicheng/codes/archery/.venv/lib/python3.12/site-packages/django/apps/registry.py", line 116, in populate
    app_config.import_models()
  File "/home/qizhicheng/codes/archery/.venv/lib/python3.12/site-packages/django/apps/config.py", line 269, in import_models
    self.models_module = import_module(models_module_name)
                         ^^^^^^^^^^^^^^^^^^^^^^^^^^^^^^^^^
  File "/usr/lib/python3.12/importlib/__init__.py", line 90, in import_module
    return _bootstrap._gcd_import(name[level:], package, level)
           ^^^^^^^^^^^^^^^^^^^^^^^^^^^^^^^^^^^^^^^^^^^^^^^^^^^^
  File "<frozen importlib._bootstrap>", line 1387, in _gcd_import
  File "<frozen importlib._bootstrap>", line 1360, in _find_and_load
  File "<frozen importlib._bootstrap>", line 1331, in _find_and_load_unlocked
  File "<frozen importlib._bootstrap>", line 935, in _load_unlocked
  File "<frozen importlib._bootstrap_external>", line 999, in exec_module
  File "<frozen importlib._bootstrap>", line 488, in _call_with_frames_removed
  File "/home/qizhicheng/codes/archery/sql/models.py", line 576, in <module>
    class QueryPrivileges(models.Model):
  File "/home/qizhicheng/codes/archery/.venv/lib/python3.12/site-packages/django/db/models/base.py", line 145, in __new__
    new_class.add_to_class("_meta", Options(meta, app_label))
  File "/home/qizhicheng/codes/archery/.venv/lib/python3.12/site-packages/django/db/models/base.py", line 393, in add_to_class
    value.contribute_to_class(cls, name)
  File "/home/qizhicheng/codes/archery/.venv/lib/python3.12/site-packages/django/db/models/options.py", line 227, in contribute_to_class
    raise TypeError(
TypeError: 'class Meta' got invalid attribute(s): index_together
2026-04-29 15:19:47,735 - django.utils.autoreload - INFO - /home/qizhicheng/codes/archery/.venv/lib/python3.12/site-packages/sqlparse/filters/tokens.py changed, reloading.
Traceback (most recent call last):
  File "/home/qizhicheng/codes/archery/manage.py", line 8, in <module>
    from django.core.management import execute_from_command_line
  File "/home/qizhicheng/codes/archery/.venv/lib/python3.12/site-packages/django/__init__.py", line 1, in <module>
    from django.utils.version import get_version
ModuleNotFoundError: No module named 'django.utils'
